0 info it worked if it ends with ok
1 verbose cli [ '/usr/bin/nodejs',
1 verbose cli   '/usr/bin/npm',
1 verbose cli   'install',
1 verbose cli   '--save-dev',
1 verbose cli   'babel-preset-s2016' ]
2 info using npm@1.3.10
3 info using node@v0.10.25
4 verbose readDependencies using package.json deps
5 verbose cache add [ 'babel-preset-s2016', null ]
6 verbose cache add name=undefined spec="babel-preset-s2016" args=["babel-preset-s2016",null]
7 verbose parsed url { protocol: null,
7 verbose parsed url   slashes: null,
7 verbose parsed url   auth: null,
7 verbose parsed url   host: null,
7 verbose parsed url   port: null,
7 verbose parsed url   hostname: null,
7 verbose parsed url   hash: null,
7 verbose parsed url   search: null,
7 verbose parsed url   query: null,
7 verbose parsed url   pathname: 'babel-preset-s2016',
7 verbose parsed url   path: 'babel-preset-s2016',
7 verbose parsed url   href: 'babel-preset-s2016' }
8 silly lockFile dc8179ae-babel-preset-s2016 babel-preset-s2016
9 verbose lock babel-preset-s2016 /home/behtsa/.npm/dc8179ae-babel-preset-s2016.lock
10 silly lockFile dc8179ae-babel-preset-s2016 babel-preset-s2016
11 silly lockFile dc8179ae-babel-preset-s2016 babel-preset-s2016
12 verbose addNamed [ 'babel-preset-s2016', '' ]
13 verbose addNamed [ null, '*' ]
14 silly lockFile d468fb35-babel-preset-s2016 babel-preset-s2016@
15 verbose lock babel-preset-s2016@ /home/behtsa/.npm/d468fb35-babel-preset-s2016.lock
16 silly addNameRange { name: 'babel-preset-s2016', range: '*', hasData: false }
17 verbose url raw babel-preset-s2016
18 verbose url resolving [ 'https://registry.npmjs.org/', './babel-preset-s2016' ]
19 verbose url resolved https://registry.npmjs.org/babel-preset-s2016
20 info trying registry request attempt 1 at 14:55:09
21 http GET https://registry.npmjs.org/babel-preset-s2016
22 http 404 https://registry.npmjs.org/babel-preset-s2016
23 silly registry.get cb [ 404,
23 silly registry.get   { 'content-type': 'application/json',
23 silly registry.get     'cache-control': 'max-age=0',
23 silly registry.get     'content-length': '2',
23 silly registry.get     'accept-ranges': 'bytes',
23 silly registry.get     date: 'Sat, 23 Jul 2016 19:55:10 GMT',
23 silly registry.get     via: '1.1 varnish',
23 silly registry.get     age: '0',
23 silly registry.get     connection: 'keep-alive',
23 silly registry.get     'x-served-by': 'cache-iad2131-IAD',
23 silly registry.get     'x-cache': 'MISS',
23 silly registry.get     'x-cache-hits': '0',
23 silly registry.get     'x-timer': 'S1469303710.062998,VS0,VE403',
23 silly registry.get     vary: 'Accept-Encoding' } ]
24 silly addNameRange number 2 { name: 'babel-preset-s2016', range: '*', hasData: true }
25 silly addNameRange versions [ undefined, [] ]
26 error TypeError: Cannot read property 'latest' of undefined
26 error     at next (/usr/share/npm/lib/cache.js:687:35)
26 error     at /usr/share/npm/lib/cache.js:675:5
26 error     at saved (/usr/share/npm/node_modules/npm-registry-client/lib/get.js:142:7)
26 error     at /usr/lib/nodejs/graceful-fs/polyfills.js:133:7
26 error     at Object.oncomplete (fs.js:107:15)
27 error If you need help, you may report this log at:
27 error     <http://github.com/isaacs/npm/issues>
27 error or email it to:
27 error     <npm-@googlegroups.com>
28 error System Linux 3.16.0-30-generic
29 error command "/usr/bin/nodejs" "/usr/bin/npm" "install" "--save-dev" "babel-preset-s2016"
30 error cwd /home/behtsa/Documentos/ambulanteando_api
31 error node -v v0.10.25
32 error npm -v 1.3.10
33 error type non_object_property_load
34 verbose exit [ 1, true ]
